U:\CMPT 365\PROJECT\VTSTI\VTSTI\X64\DEBUG\VC110.PDB
U:\CMPT 365\PROJECT\VTSTI\VTSTI\X64\DEBUG\MAIN.OBJ
U:\CMPT 365\PROJECT\VTSTI\VTSTI\X64\DEBUG\IMAGEHELPER.OBJ
U:\CMPT 365\PROJECT\VTSTI\VTSTI\X64\DEBUG\GETFILE.OBJ
U:\CMPT 365\PROJECT\VTSTI\X64\DEBUG\VTSTI.ILK
U:\CMPT 365\PROJECT\VTSTI\X64\DEBUG\VTSTI.EXE
U:\CMPT 365\PROJECT\VTSTI\X64\DEBUG\VTSTI.PDB
U:\CMPT 365\Project\VTSTI\VTSTI\x64\Debug\ImageHelper.obj
U:\CMPT 365\Project\VTSTI\VTSTI\x64\Debug\GetFile.obj
U:\CMPT 365\Project\VTSTI\VTSTI\x64\Debug\main.obj
U:\CMPT 365\Project\VTSTI\VTSTI\x64\Debug\CL.read.1.tlog
U:\CMPT 365\Project\VTSTI\VTSTI\x64\Debug\CL.write.1.tlog
U:\CMPT 365\Project\VTSTI\VTSTI\x64\Debug\cl.command.1.tlog
U:\CMPT 365\Project\VTSTI\VTSTI\x64\Debug\link-rc.read.1.tlog
U:\CMPT 365\Project\VTSTI\VTSTI\x64\Debug\link-rc.write.1.tlog
U:\CMPT 365\Project\VTSTI\VTSTI\x64\Debug\link-cvtres.read.1.tlog
U:\CMPT 365\Project\VTSTI\VTSTI\x64\Debug\link-cvtres.write.1.tlog
U:\CMPT 365\Project\VTSTI\VTSTI\x64\Debug\link.read.1.tlog
U:\CMPT 365\Project\VTSTI\VTSTI\x64\Debug\link.write.1.tlog
U:\CMPT 365\Project\VTSTI\VTSTI\x64\Debug\link.command.1.tlog
U:\CMPT 365\Project\VTSTI\VTSTI\x64\Debug\link.5412-rc.read.1.tlog
U:\CMPT 365\Project\VTSTI\VTSTI\x64\Debug\link.5412-rc.write.1.tlog
U:\CMPT 365\Project\VTSTI\VTSTI\x64\Debug\link.5412-cvtres.read.1.tlog
U:\CMPT 365\Project\VTSTI\VTSTI\x64\Debug\link.5412-cvtres.write.1.tlog
U:\CMPT 365\Project\VTSTI\VTSTI\x64\Debug\link.5412.read.1.tlog
U:\CMPT 365\Project\VTSTI\VTSTI\x64\Debug\link.5412.write.1.tlog
U:\CMPT 365\Project\VTSTI\VTSTI\x64\Debug\link.5660-rc.read.1.tlog
U:\CMPT 365\Project\VTSTI\VTSTI\x64\Debug\link.5660-rc.write.1.tlog
U:\CMPT 365\Project\VTSTI\VTSTI\x64\Debug\link.5660-cvtres.read.1.tlog
U:\CMPT 365\Project\VTSTI\VTSTI\x64\Debug\link.5660-cvtres.write.1.tlog
U:\CMPT 365\Project\VTSTI\VTSTI\x64\Debug\link.5660.read.1.tlog
U:\CMPT 365\Project\VTSTI\VTSTI\x64\Debug\link.5660.write.1.tlog
U:\CMPT 365\Project\VTSTI\VTSTI\x64\Debug\link.6472-rc.read.1.tlog
U:\CMPT 365\Project\VTSTI\VTSTI\x64\Debug\link.6472-rc.write.1.tlog
U:\CMPT 365\Project\VTSTI\VTSTI\x64\Debug\link.6472-cvtres.read.1.tlog
U:\CMPT 365\Project\VTSTI\VTSTI\x64\Debug\link.6472-cvtres.write.1.tlog
U:\CMPT 365\Project\VTSTI\VTSTI\x64\Debug\link.6472.read.1.tlog
U:\CMPT 365\Project\VTSTI\VTSTI\x64\Debug\link.6472.write.1.tlog
U:\CMPT 365\Project\VTSTI\VTSTI\x64\Debug\link.6152-rc.read.1.tlog
U:\CMPT 365\Project\VTSTI\VTSTI\x64\Debug\link.6152-rc.write.1.tlog
U:\CMPT 365\Project\VTSTI\VTSTI\x64\Debug\link.6152-cvtres.read.1.tlog
U:\CMPT 365\Project\VTSTI\VTSTI\x64\Debug\link.6152-cvtres.write.1.tlog
U:\CMPT 365\Project\VTSTI\VTSTI\x64\Debug\link.6152.read.1.tlog
U:\CMPT 365\Project\VTSTI\VTSTI\x64\Debug\link.6152.write.1.tlog
U:\CMPT 365\Project\VTSTI\VTSTI\x64\Debug\link.4612-rc.read.1.tlog
U:\CMPT 365\Project\VTSTI\VTSTI\x64\Debug\link.4612-rc.write.1.tlog
U:\CMPT 365\Project\VTSTI\VTSTI\x64\Debug\link.4612-cvtres.read.1.tlog
U:\CMPT 365\Project\VTSTI\VTSTI\x64\Debug\link.4612-cvtres.write.1.tlog
U:\CMPT 365\Project\VTSTI\VTSTI\x64\Debug\link.4612.read.1.tlog
U:\CMPT 365\Project\VTSTI\VTSTI\x64\Debug\link.4612.write.1.tlog
U:\CMPT 365\Project\VTSTI\VTSTI\x64\Debug\link.3560-rc.read.1.tlog
U:\CMPT 365\Project\VTSTI\VTSTI\x64\Debug\link.3560-rc.write.1.tlog
U:\CMPT 365\Project\VTSTI\VTSTI\x64\Debug\link.3560-cvtres.read.1.tlog
U:\CMPT 365\Project\VTSTI\VTSTI\x64\Debug\link.3560-cvtres.write.1.tlog
U:\CMPT 365\Project\VTSTI\VTSTI\x64\Debug\link.3560.read.1.tlog
U:\CMPT 365\Project\VTSTI\VTSTI\x64\Debug\link.3560.write.1.tlog
U:\CMPT 365\Project\VTSTI\VTSTI\x64\Debug\link.6192-rc.read.1.tlog
U:\CMPT 365\Project\VTSTI\VTSTI\x64\Debug\link.6192-rc.write.1.tlog
U:\CMPT 365\Project\VTSTI\VTSTI\x64\Debug\link.6192-cvtres.read.1.tlog
U:\CMPT 365\Project\VTSTI\VTSTI\x64\Debug\link.6192-cvtres.write.1.tlog
U:\CMPT 365\Project\VTSTI\VTSTI\x64\Debug\link.6192.read.1.tlog
U:\CMPT 365\Project\VTSTI\VTSTI\x64\Debug\link.6192.write.1.tlog
U:\CMPT 365\Project\VTSTI\VTSTI\x64\Debug\link.6900-rc.read.1.tlog
U:\CMPT 365\Project\VTSTI\VTSTI\x64\Debug\link.6900-rc.write.1.tlog
U:\CMPT 365\Project\VTSTI\VTSTI\x64\Debug\link.6900-cvtres.read.1.tlog
U:\CMPT 365\Project\VTSTI\VTSTI\x64\Debug\link.6900-cvtres.write.1.tlog
U:\CMPT 365\Project\VTSTI\VTSTI\x64\Debug\link.6900.read.1.tlog
U:\CMPT 365\Project\VTSTI\VTSTI\x64\Debug\link.6900.write.1.tlog
U:\CMPT 365\Project\VTSTI\VTSTI\x64\Debug\link.1332-rc.read.1.tlog
U:\CMPT 365\Project\VTSTI\VTSTI\x64\Debug\link.1332-rc.write.1.tlog
U:\CMPT 365\Project\VTSTI\VTSTI\x64\Debug\link.1332-cvtres.read.1.tlog
U:\CMPT 365\Project\VTSTI\VTSTI\x64\Debug\link.1332-cvtres.write.1.tlog
U:\CMPT 365\Project\VTSTI\VTSTI\x64\Debug\link.1332.read.1.tlog
U:\CMPT 365\Project\VTSTI\VTSTI\x64\Debug\link.1332.write.1.tlog
U:\CMPT 365\Project\VTSTI\VTSTI\x64\Debug\link.4904-rc.read.1.tlog
U:\CMPT 365\Project\VTSTI\VTSTI\x64\Debug\link.4904-rc.write.1.tlog
U:\CMPT 365\Project\VTSTI\VTSTI\x64\Debug\link.4904-cvtres.read.1.tlog
U:\CMPT 365\Project\VTSTI\VTSTI\x64\Debug\link.4904-cvtres.write.1.tlog
U:\CMPT 365\Project\VTSTI\VTSTI\x64\Debug\link.4904.read.1.tlog
U:\CMPT 365\Project\VTSTI\VTSTI\x64\Debug\link.4904.write.1.tlog
U:\CMPT 365\Project\VTSTI\VTSTI\x64\Debug\link.3756-rc.read.1.tlog
U:\CMPT 365\Project\VTSTI\VTSTI\x64\Debug\link.3756-rc.write.1.tlog
U:\CMPT 365\Project\VTSTI\VTSTI\x64\Debug\link.3756-cvtres.read.1.tlog
U:\CMPT 365\Project\VTSTI\VTSTI\x64\Debug\link.3756-cvtres.write.1.tlog
U:\CMPT 365\Project\VTSTI\VTSTI\x64\Debug\link.3756.read.1.tlog
U:\CMPT 365\Project\VTSTI\VTSTI\x64\Debug\link.3756.write.1.tlog
U:\CMPT 365\Project\VTSTI\VTSTI\x64\Debug\link.6196-rc.read.1.tlog
U:\CMPT 365\Project\VTSTI\VTSTI\x64\Debug\link.6196-rc.write.1.tlog
U:\CMPT 365\Project\VTSTI\VTSTI\x64\Debug\link.6196-cvtres.read.1.tlog
U:\CMPT 365\Project\VTSTI\VTSTI\x64\Debug\link.6196-cvtres.write.1.tlog
U:\CMPT 365\Project\VTSTI\VTSTI\x64\Debug\link.6196.read.1.tlog
U:\CMPT 365\Project\VTSTI\VTSTI\x64\Debug\link.6196.write.1.tlog
U:\CMPT 365\Project\VTSTI\VTSTI\x64\Debug\link.6656-rc.read.1.tlog
U:\CMPT 365\Project\VTSTI\VTSTI\x64\Debug\link.6656-rc.write.1.tlog
U:\CMPT 365\Project\VTSTI\VTSTI\x64\Debug\link.6656-cvtres.read.1.tlog
U:\CMPT 365\Project\VTSTI\VTSTI\x64\Debug\link.6656-cvtres.write.1.tlog
U:\CMPT 365\Project\VTSTI\VTSTI\x64\Debug\link.6656.read.1.tlog
U:\CMPT 365\Project\VTSTI\VTSTI\x64\Debug\link.6656.write.1.tlog
U:\CMPT 365\Project\VTSTI\VTSTI\x64\Debug\link.6544-rc.read.1.tlog
U:\CMPT 365\Project\VTSTI\VTSTI\x64\Debug\link.6544-rc.write.1.tlog
U:\CMPT 365\Project\VTSTI\VTSTI\x64\Debug\link.6544-cvtres.read.1.tlog
U:\CMPT 365\Project\VTSTI\VTSTI\x64\Debug\link.6544-cvtres.write.1.tlog
U:\CMPT 365\Project\VTSTI\VTSTI\x64\Debug\link.6544.read.1.tlog
U:\CMPT 365\Project\VTSTI\VTSTI\x64\Debug\link.6544.write.1.tlog
U:\CMPT 365\Project\VTSTI\VTSTI\x64\Debug\link.4512-rc.read.1.tlog
U:\CMPT 365\Project\VTSTI\VTSTI\x64\Debug\link.4512-rc.write.1.tlog
U:\CMPT 365\Project\VTSTI\VTSTI\x64\Debug\link.4512-cvtres.read.1.tlog
U:\CMPT 365\Project\VTSTI\VTSTI\x64\Debug\link.4512-cvtres.write.1.tlog
U:\CMPT 365\Project\VTSTI\VTSTI\x64\Debug\link.4512.read.1.tlog
U:\CMPT 365\Project\VTSTI\VTSTI\x64\Debug\link.4512.write.1.tlog
U:\CMPT 365\Project\VTSTI\VTSTI\x64\Debug\link.7200-rc.read.1.tlog
U:\CMPT 365\Project\VTSTI\VTSTI\x64\Debug\link.7200-rc.write.1.tlog
U:\CMPT 365\Project\VTSTI\VTSTI\x64\Debug\link.7200-cvtres.read.1.tlog
U:\CMPT 365\Project\VTSTI\VTSTI\x64\Debug\link.7200-cvtres.write.1.tlog
U:\CMPT 365\Project\VTSTI\VTSTI\x64\Debug\link.7200.read.1.tlog
U:\CMPT 365\Project\VTSTI\VTSTI\x64\Debug\link.7200.write.1.tlog
U:\CMPT 365\Project\VTSTI\VTSTI\x64\Debug\link.6044-rc.read.1.tlog
U:\CMPT 365\Project\VTSTI\VTSTI\x64\Debug\link.6044-rc.write.1.tlog
U:\CMPT 365\Project\VTSTI\VTSTI\x64\Debug\link.6044-cvtres.read.1.tlog
U:\CMPT 365\Project\VTSTI\VTSTI\x64\Debug\link.6044-cvtres.write.1.tlog
U:\CMPT 365\Project\VTSTI\VTSTI\x64\Debug\link.6044.read.1.tlog
U:\CMPT 365\Project\VTSTI\VTSTI\x64\Debug\link.6044.write.1.tlog
U:\CMPT 365\Project\VTSTI\VTSTI\x64\Debug\link.5456-rc.read.1.tlog
U:\CMPT 365\Project\VTSTI\VTSTI\x64\Debug\link.5456-rc.write.1.tlog
U:\CMPT 365\Project\VTSTI\VTSTI\x64\Debug\link.5456-cvtres.read.1.tlog
U:\CMPT 365\Project\VTSTI\VTSTI\x64\Debug\link.5456-cvtres.write.1.tlog
U:\CMPT 365\Project\VTSTI\VTSTI\x64\Debug\link.5456.read.1.tlog
U:\CMPT 365\Project\VTSTI\VTSTI\x64\Debug\link.5456.write.1.tlog
U:\CMPT 365\Project\VTSTI\VTSTI\x64\Debug\link.8120-rc.read.1.tlog
U:\CMPT 365\Project\VTSTI\VTSTI\x64\Debug\link.8120-rc.write.1.tlog
U:\CMPT 365\Project\VTSTI\VTSTI\x64\Debug\link.8120-cvtres.read.1.tlog
U:\CMPT 365\Project\VTSTI\VTSTI\x64\Debug\link.8120-cvtres.write.1.tlog
U:\CMPT 365\Project\VTSTI\VTSTI\x64\Debug\link.8120.read.1.tlog
U:\CMPT 365\Project\VTSTI\VTSTI\x64\Debug\link.8120.write.1.tlog
U:\CMPT 365\Project\VTSTI\VTSTI\x64\Debug\link.2644-rc.read.1.tlog
U:\CMPT 365\Project\VTSTI\VTSTI\x64\Debug\link.2644-rc.write.1.tlog
U:\CMPT 365\Project\VTSTI\VTSTI\x64\Debug\link.2644-cvtres.read.1.tlog
U:\CMPT 365\Project\VTSTI\VTSTI\x64\Debug\link.2644-cvtres.write.1.tlog
U:\CMPT 365\Project\VTSTI\VTSTI\x64\Debug\link.2644.read.1.tlog
U:\CMPT 365\Project\VTSTI\VTSTI\x64\Debug\link.2644.write.1.tlog
U:\CMPT 365\Project\VTSTI\VTSTI\x64\Debug\link.5144-rc.read.1.tlog
U:\CMPT 365\Project\VTSTI\VTSTI\x64\Debug\link.5144-rc.write.1.tlog
U:\CMPT 365\Project\VTSTI\VTSTI\x64\Debug\link.5144-cvtres.read.1.tlog
U:\CMPT 365\Project\VTSTI\VTSTI\x64\Debug\link.5144-cvtres.write.1.tlog
U:\CMPT 365\Project\VTSTI\VTSTI\x64\Debug\link.5144.read.1.tlog
U:\CMPT 365\Project\VTSTI\VTSTI\x64\Debug\link.5144.write.1.tlog
U:\CMPT 365\Project\VTSTI\VTSTI\x64\Debug\link.7952-rc.read.1.tlog
U:\CMPT 365\Project\VTSTI\VTSTI\x64\Debug\link.7952-rc.write.1.tlog
U:\CMPT 365\Project\VTSTI\VTSTI\x64\Debug\link.7952-cvtres.read.1.tlog
U:\CMPT 365\Project\VTSTI\VTSTI\x64\Debug\link.7952-cvtres.write.1.tlog
U:\CMPT 365\Project\VTSTI\VTSTI\x64\Debug\link.7952.read.1.tlog
U:\CMPT 365\Project\VTSTI\VTSTI\x64\Debug\link.7952.write.1.tlog
U:\CMPT 365\Project\VTSTI\VTSTI\x64\Debug\link.3972-rc.read.1.tlog
U:\CMPT 365\Project\VTSTI\VTSTI\x64\Debug\link.3972-rc.write.1.tlog
U:\CMPT 365\Project\VTSTI\VTSTI\x64\Debug\link.3972-cvtres.read.1.tlog
U:\CMPT 365\Project\VTSTI\VTSTI\x64\Debug\link.3972-cvtres.write.1.tlog
U:\CMPT 365\Project\VTSTI\VTSTI\x64\Debug\link.3972.read.1.tlog
U:\CMPT 365\Project\VTSTI\VTSTI\x64\Debug\link.3972.write.1.tlog
U:\CMPT 365\Project\VTSTI\VTSTI\x64\Debug\link.952-rc.read.1.tlog
U:\CMPT 365\Project\VTSTI\VTSTI\x64\Debug\link.952-rc.write.1.tlog
U:\CMPT 365\Project\VTSTI\VTSTI\x64\Debug\link.952-cvtres.read.1.tlog
U:\CMPT 365\Project\VTSTI\VTSTI\x64\Debug\link.952-cvtres.write.1.tlog
U:\CMPT 365\Project\VTSTI\VTSTI\x64\Debug\link.952.read.1.tlog
U:\CMPT 365\Project\VTSTI\VTSTI\x64\Debug\link.952.write.1.tlog
U:\CMPT 365\Project\VTSTI\VTSTI\x64\Debug\link.7152-rc.read.1.tlog
U:\CMPT 365\Project\VTSTI\VTSTI\x64\Debug\link.7152-rc.write.1.tlog
U:\CMPT 365\Project\VTSTI\VTSTI\x64\Debug\link.7152-cvtres.read.1.tlog
U:\CMPT 365\Project\VTSTI\VTSTI\x64\Debug\link.7152-cvtres.write.1.tlog
U:\CMPT 365\Project\VTSTI\VTSTI\x64\Debug\link.7152.read.1.tlog
U:\CMPT 365\Project\VTSTI\VTSTI\x64\Debug\link.7152.write.1.tlog
U:\CMPT 365\Project\VTSTI\VTSTI\x64\Debug\link.2620-rc.read.1.tlog
U:\CMPT 365\Project\VTSTI\VTSTI\x64\Debug\link.2620-rc.write.1.tlog
U:\CMPT 365\Project\VTSTI\VTSTI\x64\Debug\link.2620-cvtres.read.1.tlog
U:\CMPT 365\Project\VTSTI\VTSTI\x64\Debug\link.2620-cvtres.write.1.tlog
U:\CMPT 365\Project\VTSTI\VTSTI\x64\Debug\link.2620.read.1.tlog
U:\CMPT 365\Project\VTSTI\VTSTI\x64\Debug\link.2620.write.1.tlog
U:\CMPT 365\Project\VTSTI\VTSTI\x64\Debug\link.5300-rc.read.1.tlog
U:\CMPT 365\Project\VTSTI\VTSTI\x64\Debug\link.5300-rc.write.1.tlog
U:\CMPT 365\Project\VTSTI\VTSTI\x64\Debug\link.5300-cvtres.read.1.tlog
U:\CMPT 365\Project\VTSTI\VTSTI\x64\Debug\link.5300-cvtres.write.1.tlog
U:\CMPT 365\Project\VTSTI\VTSTI\x64\Debug\link.5300.read.1.tlog
U:\CMPT 365\Project\VTSTI\VTSTI\x64\Debug\link.5300.write.1.tlog
U:\CMPT 365\Project\VTSTI\VTSTI\x64\Debug\link.6172-rc.read.1.tlog
U:\CMPT 365\Project\VTSTI\VTSTI\x64\Debug\link.6172-rc.write.1.tlog
U:\CMPT 365\Project\VTSTI\VTSTI\x64\Debug\link.6172-cvtres.read.1.tlog
U:\CMPT 365\Project\VTSTI\VTSTI\x64\Debug\link.6172-cvtres.write.1.tlog
U:\CMPT 365\Project\VTSTI\VTSTI\x64\Debug\link.6172.read.1.tlog
U:\CMPT 365\Project\VTSTI\VTSTI\x64\Debug\link.6172.write.1.tlog
U:\CMPT 365\Project\VTSTI\VTSTI\x64\Debug\link.6588-rc.read.1.tlog
U:\CMPT 365\Project\VTSTI\VTSTI\x64\Debug\link.6588-rc.write.1.tlog
U:\CMPT 365\Project\VTSTI\VTSTI\x64\Debug\link.6588-cvtres.read.1.tlog
U:\CMPT 365\Project\VTSTI\VTSTI\x64\Debug\link.6588-cvtres.write.1.tlog
U:\CMPT 365\Project\VTSTI\VTSTI\x64\Debug\link.6588.read.1.tlog
U:\CMPT 365\Project\VTSTI\VTSTI\x64\Debug\link.6588.write.1.tlog
U:\CMPT 365\Project\VTSTI\VTSTI\x64\Debug\vc110.idb
U:\CMPT 365\Project\VTSTI\VTSTI\x64\Debug\vc110.pdb
U:\CMPT 365\Project\VTSTI\x64\Debug\VTSTI.pdb
U:\CMPT 365\Project\VTSTI\x64\Debug\VTSTI.exe
U:\CMPT 365\Project\VTSTI\x64\Debug\VTSTI.ilk
